{"C:\\Users\\Joseph\\Desktop\\Projects\\React-Native-Javascript\\Beginner\\CounterApp\\App.js": {"path":"C:\\Users\\Joseph\\Desktop\\Projects\\React-Native-Javascript\\Beginner\\CounterApp\\App.js","statementMap":{"0":{"start":{"line":5,"column":2},"end":{"line":9,"column":4}},"1":{"start":{"line":12,"column":15},"end":{"line":19,"column":2}}},"fnMap":{"0":{"name":"App","decl":{"start":{"line":4,"column":24},"end":{"line":4,"column":27}},"loc":{"start":{"line":4,"column":30},"end":{"line":10,"column":1}},"line":4}},"branchMap":{},"s":{"0":1,"1":1},"f":{"0":1},"b":{},"_coverageSchema":"1a1c01bbd47fc00a2c39e90264f33305004495a9","hash":"d14118fdd6134a7f2da39416ddf2f45fa5f408c3"}
,"C:\\Users\\Joseph\\Desktop\\Projects\\React-Native-Javascript\\Beginner\\CounterApp\\assets\\images\\minus-sign.png": {"path":"C:\\Users\\Joseph\\Desktop\\Projects\\React-Native-Javascript\\Beginner\\CounterApp\\assets\\images\\minus-sign.png","statementMap":{"0":{"start":{"line":1,"column":0},"end":{"line":1,"column":19}}},"fnMap":{},"branchMap":{},"s":{"0":2},"f":{},"b":{},"_coverageSchema":"1a1c01bbd47fc00a2c39e90264f33305004495a9","hash":"949cc430d697af5f87d850abcc6e8edf5fc6bbeb"}
,"C:\\Users\\Joseph\\Desktop\\Projects\\React-Native-Javascript\\Beginner\\CounterApp\\assets\\images\\plus-sign.png": {"path":"C:\\Users\\Joseph\\Desktop\\Projects\\React-Native-Javascript\\Beginner\\CounterApp\\assets\\images\\plus-sign.png","statementMap":{"0":{"start":{"line":1,"column":0},"end":{"line":1,"column":19}}},"fnMap":{},"branchMap":{},"s":{"0":2},"f":{},"b":{},"_coverageSchema":"1a1c01bbd47fc00a2c39e90264f33305004495a9","hash":"cf61838b62067f87a6f265b18485f24271e343fd"}
,"C:\\Users\\Joseph\\Desktop\\Projects\\React-Native-Javascript\\Beginner\\CounterApp\\src\\components\\Components.js": {"path":"C:\\Users\\Joseph\\Desktop\\Projects\\React-Native-Javascript\\Beginner\\CounterApp\\src\\components\\Components.js","statementMap":{},"fnMap":{},"branchMap":{},"s":{},"f":{},"b":{},"_coverageSchema":"1a1c01bbd47fc00a2c39e90264f33305004495a9","hash":"36738144ba44a7f5cb2f82ab01470a2f7a691022"}
,"C:\\Users\\Joseph\\Desktop\\Projects\\React-Native-Javascript\\Beginner\\CounterApp\\src\\components\\ButtonIcon\\ButtonIcon.js": {"path":"C:\\Users\\Joseph\\Desktop\\Projects\\React-Native-Javascript\\Beginner\\CounterApp\\src\\components\\ButtonIcon\\ButtonIcon.js","statementMap":{"0":{"start":{"line":6,"column":19},"end":{"line":18,"column":1}},"1":{"start":{"line":7,"column":2},"end":{"line":17,"column":3}}},"fnMap":{"0":{"name":"(anonymous_0)","decl":{"start":{"line":6,"column":19},"end":{"line":6,"column":20}},"loc":{"start":{"line":6,"column":67},"end":{"line":18,"column":1}},"line":6}},"branchMap":{},"s":{"0":4,"1":27},"f":{"0":27},"b":{},"_coverageSchema":"1a1c01bbd47fc00a2c39e90264f33305004495a9","hash":"e5834f8c00d588ed357f13efcd34af3b87fbac2e"}
,"C:\\Users\\Joseph\\Desktop\\Projects\\React-Native-Javascript\\Beginner\\CounterApp\\src\\components\\ButtonIcon\\ButtonIconStyle.js": {"path":"C:\\Users\\Joseph\\Desktop\\Projects\\React-Native-Javascript\\Beginner\\CounterApp\\src\\components\\ButtonIcon\\ButtonIconStyle.js","statementMap":{"0":{"start":{"line":4,"column":15},"end":{"line":16,"column":2}}},"fnMap":{},"branchMap":{},"s":{"0":4},"f":{},"b":{},"_coverageSchema":"1a1c01bbd47fc00a2c39e90264f33305004495a9","hash":"fdc529c6cdd311bc07c38e55bea5fccc06e0f791"}
,"C:\\Users\\Joseph\\Desktop\\Projects\\React-Native-Javascript\\Beginner\\CounterApp\\src\\components\\CountIcon\\CountIcon.jsx": {"path":"C:\\Users\\Joseph\\Desktop\\Projects\\React-Native-Javascript\\Beginner\\CounterApp\\src\\components\\CountIcon\\CountIcon.jsx","statementMap":{"0":{"start":{"line":5,"column":18},"end":{"line":11,"column":1}},"1":{"start":{"line":6,"column":2},"end":{"line":10,"column":3}}},"fnMap":{"0":{"name":"(anonymous_0)","decl":{"start":{"line":5,"column":18},"end":{"line":5,"column":19}},"loc":{"start":{"line":5,"column":31},"end":{"line":11,"column":1}},"line":5}},"branchMap":{"0":{"loc":{"start":{"line":8,"column":32},"end":{"line":8,"column":107}},"type":"cond-expr","locations":[{"start":{"line":8,"column":45},"end":{"line":8,"column":60}},{"start":{"line":8,"column":62},"end":{"line":8,"column":107}}],"line":8},"1":{"loc":{"start":{"line":8,"column":62},"end":{"line":8,"column":107}},"type":"cond-expr","locations":[{"start":{"line":8,"column":74},"end":{"line":8,"column":90}},{"start":{"line":8,"column":93},"end":{"line":8,"column":107}}],"line":8}},"s":{"0":4,"1":26},"f":{"0":26},"b":{"0":[24,2],"1":[1,1]},"_coverageSchema":"1a1c01bbd47fc00a2c39e90264f33305004495a9","hash":"db7376a16a223ddfd745c1be77ef311b1a321297"}
,"C:\\Users\\Joseph\\Desktop\\Projects\\React-Native-Javascript\\Beginner\\CounterApp\\src\\components\\CountIcon\\CountIconStyle.js": {"path":"C:\\Users\\Joseph\\Desktop\\Projects\\React-Native-Javascript\\Beginner\\CounterApp\\src\\components\\CountIcon\\CountIconStyle.js","statementMap":{"0":{"start":{"line":4,"column":15},"end":{"line":13,"column":2}}},"fnMap":{},"branchMap":{},"s":{"0":4},"f":{},"b":{},"_coverageSchema":"1a1c01bbd47fc00a2c39e90264f33305004495a9","hash":"50de1fa51240bb6a7f2a2852343b6371e08314ef"}
,"C:\\Users\\Joseph\\Desktop\\Projects\\React-Native-Javascript\\Beginner\\CounterApp\\src\\components\\DeltaButton\\DeltaButton.jsx": {"path":"C:\\Users\\Joseph\\Desktop\\Projects\\React-Native-Javascript\\Beginner\\CounterApp\\src\\components\\DeltaButton\\DeltaButton.jsx","statementMap":{"0":{"start":{"line":7,"column":20},"end":{"line":17,"column":1}},"1":{"start":{"line":8,"column":2},"end":{"line":16,"column":3}}},"fnMap":{"0":{"name":"(anonymous_0)","decl":{"start":{"line":7,"column":20},"end":{"line":7,"column":21}},"loc":{"start":{"line":7,"column":54},"end":{"line":17,"column":1}},"line":7}},"branchMap":{},"s":{"0":4,"1":26},"f":{"0":26},"b":{},"_coverageSchema":"1a1c01bbd47fc00a2c39e90264f33305004495a9","hash":"5158e7ce1b01937402f395bf5d166e9a2b5363dc"}
,"C:\\Users\\Joseph\\Desktop\\Projects\\React-Native-Javascript\\Beginner\\CounterApp\\src\\components\\DeltaButton\\DeltaButtonStyle.js": {"path":"C:\\Users\\Joseph\\Desktop\\Projects\\React-Native-Javascript\\Beginner\\CounterApp\\src\\components\\DeltaButton\\DeltaButtonStyle.js","statementMap":{"0":{"start":{"line":4,"column":15},"end":{"line":23,"column":2}}},"fnMap":{},"branchMap":{},"s":{"0":4},"f":{},"b":{},"_coverageSchema":"1a1c01bbd47fc00a2c39e90264f33305004495a9","hash":"176f6411dec16c2234c4387e51d3031be906a256"}
,"C:\\Users\\Joseph\\Desktop\\Projects\\React-Native-Javascript\\Beginner\\CounterApp\\src\\components\\ResetButton\\ResetButton.jsx": {"path":"C:\\Users\\Joseph\\Desktop\\Projects\\React-Native-Javascript\\Beginner\\CounterApp\\src\\components\\ResetButton\\ResetButton.jsx","statementMap":{"0":{"start":{"line":6,"column":20},"end":{"line":14,"column":1}},"1":{"start":{"line":7,"column":2},"end":{"line":13,"column":3}}},"fnMap":{"0":{"name":"(anonymous_0)","decl":{"start":{"line":6,"column":20},"end":{"line":6,"column":21}},"loc":{"start":{"line":6,"column":49},"end":{"line":14,"column":1}},"line":6}},"branchMap":{},"s":{"0":4,"1":27},"f":{"0":27},"b":{},"_coverageSchema":"1a1c01bbd47fc00a2c39e90264f33305004495a9","hash":"e0e2e2c0ee4e2beb2d7ea64dde03f0e2fa6cadc1"}
,"C:\\Users\\Joseph\\Desktop\\Projects\\React-Native-Javascript\\Beginner\\CounterApp\\src\\components\\ResetButton\\ResetButtonStyle.js": {"path":"C:\\Users\\Joseph\\Desktop\\Projects\\React-Native-Javascript\\Beginner\\CounterApp\\src\\components\\ResetButton\\ResetButtonStyle.js","statementMap":{"0":{"start":{"line":4,"column":15},"end":{"line":26,"column":2}}},"fnMap":{},"branchMap":{},"s":{"0":4},"f":{},"b":{},"_coverageSchema":"1a1c01bbd47fc00a2c39e90264f33305004495a9","hash":"25cdaab901f03737fa2210193dac7750da2b3cba"}
,"C:\\Users\\Joseph\\Desktop\\Projects\\React-Native-Javascript\\Beginner\\CounterApp\\src\\reducers\\countReducer.js": {"path":"C:\\Users\\Joseph\\Desktop\\Projects\\React-Native-Javascript\\Beginner\\CounterApp\\src\\reducers\\countReducer.js","statementMap":{"0":{"start":{"line":1,"column":16},"end":{"line":14,"column":3}},"1":{"start":{"line":2,"column":4},"end":{"line":13,"column":5}},"2":{"start":{"line":4,"column":8},"end":{"line":4,"column":67}},"3":{"start":{"line":6,"column":8},"end":{"line":6,"column":67}},"4":{"start":{"line":8,"column":8},"end":{"line":8,"column":39}},"5":{"start":{"line":10,"column":8},"end":{"line":10,"column":39}},"6":{"start":{"line":12,"column":8},"end":{"line":12,"column":21}}},"fnMap":{"0":{"name":"(anonymous_0)","decl":{"start":{"line":1,"column":16},"end":{"line":1,"column":17}},"loc":{"start":{"line":1,"column":35},"end":{"line":14,"column":3}},"line":1}},"branchMap":{"0":{"loc":{"start":{"line":2,"column":4},"end":{"line":13,"column":5}},"type":"switch","locations":[{"start":{"line":3,"column":6},"end":{"line":4,"column":67}},{"start":{"line":5,"column":6},"end":{"line":6,"column":67}},{"start":{"line":7,"column":6},"end":{"line":8,"column":39}},{"start":{"line":9,"column":6},"end":{"line":10,"column":39}},{"start":{"line":11,"column":6},"end":{"line":12,"column":21}}],"line":2}},"s":{"0":3,"1":13,"2":4,"3":4,"4":2,"5":2,"6":1},"f":{"0":13},"b":{"0":[4,4,2,2,1]},"_coverageSchema":"1a1c01bbd47fc00a2c39e90264f33305004495a9","hash":"4d092dce3aea387e23a4d7ef429fc5211e545c52"}
,"C:\\Users\\Joseph\\Desktop\\Projects\\React-Native-Javascript\\Beginner\\CounterApp\\src\\screens\\Home\\HomeScreen.jsx": {"path":"C:\\Users\\Joseph\\Desktop\\Projects\\React-Native-Javascript\\Beginner\\CounterApp\\src\\screens\\Home\\HomeScreen.jsx","statementMap":{"0":{"start":{"line":8,"column":13},"end":{"line":42,"column":1}},"1":{"start":{"line":10,"column":27},"end":{"line":10,"column":85}},"2":{"start":{"line":11,"column":2},"end":{"line":41,"column":3}},"3":{"start":{"line":18,"column":37},"end":{"line":18,"column":93}},"4":{"start":{"line":21,"column":37},"end":{"line":21,"column":87}},"5":{"start":{"line":27,"column":42},"end":{"line":27,"column":81}},"6":{"start":{"line":29,"column":42},"end":{"line":29,"column":80}},"7":{"start":{"line":35,"column":39},"end":{"line":35,"column":96}},"8":{"start":{"line":37,"column":39},"end":{"line":37,"column":90}}},"fnMap":{"0":{"name":"(anonymous_0)","decl":{"start":{"line":8,"column":13},"end":{"line":8,"column":14}},"loc":{"start":{"line":8,"column":19},"end":{"line":42,"column":1}},"line":8},"1":{"name":"(anonymous_1)","decl":{"start":{"line":18,"column":32},"end":{"line":18,"column":33}},"loc":{"start":{"line":18,"column":36},"end":{"line":18,"column":94}},"line":18},"2":{"name":"(anonymous_2)","decl":{"start":{"line":21,"column":32},"end":{"line":21,"column":33}},"loc":{"start":{"line":21,"column":36},"end":{"line":21,"column":88}},"line":21},"3":{"name":"(anonymous_3)","decl":{"start":{"line":27,"column":37},"end":{"line":27,"column":38}},"loc":{"start":{"line":27,"column":41},"end":{"line":27,"column":82}},"line":27},"4":{"name":"(anonymous_4)","decl":{"start":{"line":29,"column":37},"end":{"line":29,"column":38}},"loc":{"start":{"line":29,"column":41},"end":{"line":29,"column":81}},"line":29},"5":{"name":"(anonymous_5)","decl":{"start":{"line":35,"column":34},"end":{"line":35,"column":35}},"loc":{"start":{"line":35,"column":38},"end":{"line":35,"column":97}},"line":35},"6":{"name":"(anonymous_6)","decl":{"start":{"line":37,"column":34},"end":{"line":37,"column":35}},"loc":{"start":{"line":37,"column":38},"end":{"line":37,"column":91}},"line":37}},"branchMap":{},"s":{"0":2,"1":13,"2":13,"3":1,"4":1,"5":1,"6":1,"7":1,"8":1},"f":{"0":13,"1":1,"2":1,"3":1,"4":1,"5":1,"6":1},"b":{},"_coverageSchema":"1a1c01bbd47fc00a2c39e90264f33305004495a9","hash":"7f7c8a5810cc14dd751939d78ffc9fecc169d79f"}
,"C:\\Users\\Joseph\\Desktop\\Projects\\React-Native-Javascript\\Beginner\\CounterApp\\src\\screens\\Home\\HomeStyles.js": {"path":"C:\\Users\\Joseph\\Desktop\\Projects\\React-Native-Javascript\\Beginner\\CounterApp\\src\\screens\\Home\\HomeStyles.js","statementMap":{"0":{"start":{"line":3,"column":15},"end":{"line":33,"column":2}}},"fnMap":{},"branchMap":{},"s":{"0":2},"f":{},"b":{},"_coverageSchema":"1a1c01bbd47fc00a2c39e90264f33305004495a9","hash":"12b147cb482683c2db3ef9ea92924447709e4625"}
}
