TN:
SF:App.js
FN:4,App
FNF:1
FNH:1
FNDA:1,App
DA:5,1
DA:12,1
LF:2
LH:2
BRF:0
BRH:0
end_of_record
TN:
SF:assets\images\minus-sign.png
FNF:0
FNH:0
DA:1,2
LF:1
LH:1
BRF:0
BRH:0
end_of_record
TN:
SF:assets\images\plus-sign.png
FNF:0
FNH:0
DA:1,2
LF:1
LH:1
BRF:0
BRH:0
end_of_record
TN:
SF:src\components\Components.js
FNF:0
FNH:0
LF:0
LH:0
BRF:0
BRH:0
end_of_record
TN:
SF:src\components\ButtonIcon\ButtonIcon.js
FN:6,(anonymous_0)
FNF:1
FNH:1
FNDA:27,(anonymous_0)
DA:6,4
DA:7,27
LF:2
LH:2
BRF:0
BRH:0
end_of_record
TN:
SF:src\components\ButtonIcon\ButtonIconStyle.js
FNF:0
FNH:0
DA:4,4
LF:1
LH:1
BRF:0
BRH:0
end_of_record
TN:
SF:src\components\CountIcon\CountIcon.jsx
FN:5,(anonymous_0)
FNF:1
FNH:1
FNDA:26,(anonymous_0)
DA:5,4
DA:6,26
LF:2
LH:2
BRDA:8,0,0,24
BRDA:8,0,1,2
BRDA:8,1,0,1
BRDA:8,1,1,1
BRF:4
BRH:4
end_of_record
TN:
SF:src\components\CountIcon\CountIconStyle.js
FNF:0
FNH:0
DA:4,4
LF:1
LH:1
BRF:0
BRH:0
end_of_record
TN:
SF:src\components\DeltaButton\DeltaButton.jsx
FN:7,(anonymous_0)
FNF:1
FNH:1
FNDA:26,(anonymous_0)
DA:7,4
DA:8,26
LF:2
LH:2
BRF:0
BRH:0
end_of_record
TN:
SF:src\components\DeltaButton\DeltaButtonStyle.js
FNF:0
FNH:0
DA:4,4
LF:1
LH:1
BRF:0
BRH:0
end_of_record
TN:
SF:src\components\ResetButton\ResetButton.jsx
FN:6,(anonymous_0)
FNF:1
FNH:1
FNDA:27,(anonymous_0)
DA:6,4
DA:7,27
LF:2
LH:2
BRF:0
BRH:0
end_of_record
TN:
SF:src\components\ResetButton\ResetButtonStyle.js
FNF:0
FNH:0
DA:4,4
LF:1
LH:1
BRF:0
BRH:0
end_of_record
TN:
SF:src\reducers\countReducer.js
FN:1,(anonymous_0)
FNF:1
FNH:1
FNDA:13,(anonymous_0)
DA:1,3
DA:2,13
DA:4,4
DA:6,4
DA:8,2
DA:10,2
DA:12,1
LF:7
LH:7
BRDA:2,0,0,4
BRDA:2,0,1,4
BRDA:2,0,2,2
BRDA:2,0,3,2
BRDA:2,0,4,1
BRF:5
BRH:5
end_of_record
TN:
SF:src\screens\Home\HomeScreen.jsx
FN:8,(anonymous_0)
FN:18,(anonymous_1)
FN:21,(anonymous_2)
FN:27,(anonymous_3)
FN:29,(anonymous_4)
FN:35,(anonymous_5)
FN:37,(anonymous_6)
FNF:7
FNH:7
FNDA:13,(anonymous_0)
FNDA:1,(anonymous_1)
FNDA:1,(anonymous_2)
FNDA:1,(anonymous_3)
FNDA:1,(anonymous_4)
FNDA:1,(anonymous_5)
FNDA:1,(anonymous_6)
DA:8,2
DA:10,13
DA:11,13
DA:18,1
DA:21,1
DA:27,1
DA:29,1
DA:35,1
DA:37,1
LF:9
LH:9
BRF:0
BRH:0
end_of_record
TN:
SF:src\screens\Home\HomeStyles.js
FNF:0
FNH:0
DA:3,2
LF:1
LH:1
BRF:0
BRH:0
end_of_record
